<?xml version="1.0" encoding="UTF-8"?>
<!-- Generated by org.testng.reporters.JUnitReportReporter -->
<testsuite hostname="keystrat-PC" name="com.org.helloWorld.HelloMaven.HelloMavenTest" tests="1" failures="0" timestamp="25 Feb 2016 21:22:20 GMT" time="0.015" errors="0">
  <testcase name="login" time="0.015" classname="com.org.helloWorld.HelloMaven.HelloMavenTest"/>
</testsuite> <!-- com.org.helloWorld.HelloMaven.HelloMavenTest -->
